PLINK v1.90b6.21 64-bit (19 Oct 2020)
Options in effect:
  --allow-extra-chr
  --double-id
  --make-bed
  --out binary_fileset
  --vcf admix.vcf

Hostname: r06r20n01
Working directory: /panfs/pfs.local/work/bi/d669d153/marsh.wren.rad/admixture
Start time: Mon Oct  3 18:01:57 2022

Random number seed: 1664838117
128858 MB RAM detected; reserving 64429 MB for main workspace.
--vcf: binary_fileset-temporary.bed + binary_fileset-temporary.bim +
binary_fileset-temporary.fam written.
3087 variants loaded from .bim file.
137 people (0 males, 0 females, 137 ambiguous) loaded from .fam.
Ambiguous sex IDs written to binary_fileset.nosex .
Using 1 thread (no multithreaded calculations invoked).
Before main variant filters, 137 founders and 0 nonfounders present.
Calculating allele frequencies... done.
Total genotyping rate is 0.92211.
3087 variants and 137 people pass filters and QC.
Note: No phenotypes present.
--make-bed to binary_fileset.bed + binary_fileset.bim + binary_fileset.fam ...
done.

End time: Mon Oct  3 18:01:57 2022
