****                   ADMIXTURE Version 1.3.0                  ****
****                    Copyright 2008-2015                     ****
****           David Alexander, Suyash Shringarpure,            ****
****                John  Novembre, Ken Lange                   ****
****                                                            ****
****                 Please cite our paper!                     ****
****   Information at www.genetics.ucla.edu/software/admixture  ****

Cross-validation will be performed.  Folds=5.
Parallel execution requested.  Will use 10 threads.
Random seed: 43
Point estimation method: Block relaxation algorithm
Convergence acceleration algorithm: QuasiNewton, 3 secant conditions
Point estimation will terminate when objective function delta < 0.0001
Estimation of standard errors disabled; will compute point estimates only.
Size of G: 137x3087
Performing five EM steps to prime main algorithm
1 (EM) 	Elapsed: 0.011	Loglikelihood: -110551	(delta): 672394
2 (EM) 	Elapsed: 0.01	Loglikelihood: -110551	(delta): -1.45519e-11
3 (EM) 	Elapsed: 0.011	Loglikelihood: -110551	(delta): 0
4 (EM) 	Elapsed: 0.011	Loglikelihood: -110551	(delta): 0
5 (EM) 	Elapsed: 0.011	Loglikelihood: -110551	(delta): 0
Initial loglikelihood: -110551
Starting main algorithm
1 (QN/Block) 	Elapsed: 0.035	Loglikelihood: -110551	(delta): 0
Summary: 
Converged in 1 iterations (0.1 sec)
Loglikelihood: -110551.211494
CV error (K=1): 0.24154
Writing output files.
