****                   ADMIXTURE Version 1.3.0                  ****
****                    Copyright 2008-2015                     ****
****           David Alexander, Suyash Shringarpure,            ****
****                John  Novembre, Ken Lange                   ****
****                                                            ****
****                 Please cite our paper!                     ****
****   Information at www.genetics.ucla.edu/software/admixture  ****

Cross-validation will be performed.  Folds=5.
Parallel execution requested.  Will use 10 threads.
Random seed: 43
Point estimation method: Block relaxation algorithm
Convergence acceleration algorithm: QuasiNewton, 3 secant conditions
Point estimation will terminate when objective function delta < 0.0001
Estimation of standard errors disabled; will compute point estimates only.
Size of G: 137x3087
Performing five EM steps to prime main algorithm
1 (EM) 	Elapsed: 0.036	Loglikelihood: -119298	(delta): 489828
2 (EM) 	Elapsed: 0.037	Loglikelihood: -110883	(delta): 8415.35
3 (EM) 	Elapsed: 0.037	Loglikelihood: -109278	(delta): 1604.91
4 (EM) 	Elapsed: 0.036	Loglikelihood: -108329	(delta): 949.027
5 (EM) 	Elapsed: 0.035	Loglikelihood: -107626	(delta): 702.977
Initial loglikelihood: -107626
Starting main algorithm
1 (QN/Block) 	Elapsed: 0.072	Loglikelihood: -89715.7	(delta): 17909.9
2 (QN/Block) 	Elapsed: 0.071	Loglikelihood: -84513.7	(delta): 5202.03
3 (QN/Block) 	Elapsed: 0.075	Loglikelihood: -80692.8	(delta): 3820.87
4 (QN/Block) 	Elapsed: 0.075	Loglikelihood: -79031.2	(delta): 1661.6
5 (QN/Block) 	Elapsed: 0.078	Loglikelihood: -78378.1	(delta): 653.187
6 (QN/Block) 	Elapsed: 0.076	Loglikelihood: -78177.9	(delta): 200.178
7 (QN/Block) 	Elapsed: 0.077	Loglikelihood: -78117	(delta): 60.8413
8 (QN/Block) 	Elapsed: 0.075	Loglikelihood: -78057.3	(delta): 59.6995
9 (QN/Block) 	Elapsed: 0.076	Loglikelihood: -78016.9	(delta): 40.4278
10 (QN/Block) 	Elapsed: 0.076	Loglikelihood: -77970	(delta): 46.9061
11 (QN/Block) 	Elapsed: 0.078	Loglikelihood: -77936.3	(delta): 33.6833
12 (QN/Block) 	Elapsed: 0.078	Loglikelihood: -77914.2	(delta): 22.1383
13 (QN/Block) 	Elapsed: 0.076	Loglikelihood: -77895.7	(delta): 18.4981
14 (QN/Block) 	Elapsed: 0.076	Loglikelihood: -77886.2	(delta): 9.52081
15 (QN/Block) 	Elapsed: 0.076	Loglikelihood: -77878.5	(delta): 7.67457
16 (QN/Block) 	Elapsed: 0.078	Loglikelihood: -77861.6	(delta): 16.8895
17 (QN/Block) 	Elapsed: 0.079	Loglikelihood: -77834.3	(delta): 27.2498
18 (QN/Block) 	Elapsed: 0.074	Loglikelihood: -77819.5	(delta): 14.8789
19 (QN/Block) 	Elapsed: 0.075	Loglikelihood: -77817.3	(delta): 2.12816
20 (QN/Block) 	Elapsed: 0.075	Loglikelihood: -77817.3	(delta): 0.080958
21 (QN/Block) 	Elapsed: 0.075	Loglikelihood: -77817.2	(delta): 0.0175374
22 (QN/Block) 	Elapsed: 0.074	Loglikelihood: -77817.2	(delta): 0.000689607
23 (QN/Block) 	Elapsed: 0.074	Loglikelihood: -77817.2	(delta): 2.81448e-05
Summary: 
Converged in 23 iterations (1.97 sec)
Loglikelihood: -77817.242636
Fst divergences between estimated populations: 
	Pop0	Pop1	Pop2	
Pop0	
Pop1	0.028	
Pop2	0.470	0.438	
Pop3	0.466	0.434	0.030	
CV error (K=4): 0.19455
Writing output files.
