****                   ADMIXTURE Version 1.3.0                  ****
****                    Copyright 2008-2015                     ****
****           David Alexander, Suyash Shringarpure,            ****
****                John  Novembre, Ken Lange                   ****
****                                                            ****
****                 Please cite our paper!                     ****
****   Information at www.genetics.ucla.edu/software/admixture  ****

Cross-validation will be performed.  Folds=5.
Parallel execution requested.  Will use 10 threads.
Random seed: 43
Point estimation method: Block relaxation algorithm
Convergence acceleration algorithm: QuasiNewton, 3 secant conditions
Point estimation will terminate when objective function delta < 0.0001
Estimation of standard errors disabled; will compute point estimates only.
Size of G: 137x3087
Performing five EM steps to prime main algorithm
1 (EM) 	Elapsed: 0.026	Loglikelihood: -120105	(delta): 474900
2 (EM) 	Elapsed: 0.026	Loglikelihood: -110861	(delta): 9244.63
3 (EM) 	Elapsed: 0.027	Loglikelihood: -109265	(delta): 1596.24
4 (EM) 	Elapsed: 0.027	Loglikelihood: -108335	(delta): 929.337
5 (EM) 	Elapsed: 0.026	Loglikelihood: -107606	(delta): 729.575
Initial loglikelihood: -107606
Starting main algorithm
1 (QN/Block) 	Elapsed: 0.073	Loglikelihood: -89396.4	(delta): 18209.2
2 (QN/Block) 	Elapsed: 0.073	Loglikelihood: -83831.2	(delta): 5565.25
3 (QN/Block) 	Elapsed: 0.075	Loglikelihood: -79769.2	(delta): 4062
4 (QN/Block) 	Elapsed: 0.075	Loglikelihood: -77807	(delta): 1962.14
5 (QN/Block) 	Elapsed: 0.075	Loglikelihood: -77004.7	(delta): 802.351
6 (QN/Block) 	Elapsed: 0.077	Loglikelihood: -76764	(delta): 240.633
7 (QN/Block) 	Elapsed: 0.076	Loglikelihood: -76714.3	(delta): 49.6871
8 (QN/Block) 	Elapsed: 0.078	Loglikelihood: -76698.2	(delta): 16.1566
9 (QN/Block) 	Elapsed: 0.074	Loglikelihood: -76698.1	(delta): 0.0783002
10 (QN/Block) 	Elapsed: 0.079	Loglikelihood: -76654.9	(delta): 43.2558
11 (QN/Block) 	Elapsed: 0.079	Loglikelihood: -76637.9	(delta): 16.9499
12 (QN/Block) 	Elapsed: 0.08	Loglikelihood: -76627	(delta): 10.9241
13 (QN/Block) 	Elapsed: 0.079	Loglikelihood: -76619.9	(delta): 7.08931
14 (QN/Block) 	Elapsed: 0.082	Loglikelihood: -76618.7	(delta): 1.23208
15 (QN/Block) 	Elapsed: 0.081	Loglikelihood: -76618.3	(delta): 0.340104
16 (QN/Block) 	Elapsed: 0.082	Loglikelihood: -76618	(delta): 0.283337
17 (QN/Block) 	Elapsed: 0.081	Loglikelihood: -76617.9	(delta): 0.103089
18 (QN/Block) 	Elapsed: 0.078	Loglikelihood: -76617.9	(delta): 0.00423178
19 (QN/Block) 	Elapsed: 0.077	Loglikelihood: -76617.9	(delta): 0.00229406
20 (QN/Block) 	Elapsed: 0.076	Loglikelihood: -76617.9	(delta): 0.000121096
21 (QN/Block) 	Elapsed: 0.076	Loglikelihood: -76617.9	(delta): 2.11282e-05
Summary: 
Converged in 21 iterations (1.808 sec)
Loglikelihood: -76617.930549
Fst divergences between estimated populations: 
	Pop0	Pop1	Pop2	Pop3	
Pop0	
Pop1	0.439	
Pop2	0.038	0.438	
Pop3	0.465	0.024	0.464	
Pop4	0.034	0.448	0.035	0.474	
CV error (K=5): 0.20587
Writing output files.
